# JRE version: Java(TM) SE Runtime Environment (8.0_101-b13) (build 1.8.0_101-b13)
# Java VM: Java HotSpot(TM) 64-Bit Server VM (25.101-b13 mixed mode linux-amd64 compressed oops)
Heap:
 PSYoungGen      total 68608K, used 22290K [0x00000000d7380000, 0x00000000dbb80000, 0x0000000100000000)
  eden space 63488K, 27% used [0x00000000d7380000,0x00000000d844c850,0x00000000db180000)
  from space 5120K, 99% used [0x00000000db680000,0x00000000dbb78020,0x00000000dbb80000)
  to   space 5120K, 0% used [0x00000000db180000,0x00000000db180000,0x00000000db680000)
 ParOldGen       total 84992K, used 4269K [0x0000000085a00000, 0x000000008ad00000, 0x00000000d7380000)
  object space 84992K, 5% used [0x0000000085a00000,0x0000000085e2b6f8,0x000000008ad00000)
 Metaspace       used 16787K, capacity 16994K, committed 17152K, reserved 1064960K
  class space    used 2165K, capacity 2247K, committed 2304K, reserved 1048576K
GC Heap History (4 events):
Event: 1,144 GC heap before
{Heap before GC invocations=1 (full 0):
 PSYoungGen      total 36864K, used 31744K [0x00000000d7380000, 0x00000000d9c80000, 0x0000000100000000)
  eden space 31744K, 100% used [0x00000000d7380000,0x00000000d9280000,0x00000000d9280000)
  from space 5120K, 0% used [0x00000000d9780000,0x00000000d9780000,0x00000000d9c80000)
  to   space 5120K, 0% used [0x00000000d9280000,0x00000000d9280000,0x00000000d9780000)
 ParOldGen       total 84992K, used 0K [0x0000000085a00000, 0x000000008ad00000, 0x00000000d7380000)
  object space 84992K, 0% used [0x0000000085a00000,0x0000000085a00000,0x000000008ad00000)
 Metaspace       used 9760K, capacity 9884K, committed 10112K, reserved 1058816K
  class space    used 1113K, capacity 1140K, committed 1152K, reserved 1048576K
Event: 1,156 GC heap after
Heap after GC invocations=1 (full 0):
 PSYoungGen      total 36864K, used 5097K [0x00000000d7380000, 0x00000000dbb80000, 0x0000000100000000)
  eden space 31744K, 0% used [0x00000000d7380000,0x00000000d7380000,0x00000000d9280000)
  from space 5120K, 99% used [0x00000000d9280000,0x00000000d977a5a8,0x00000000d9780000)
  to   space 5120K, 0% used [0x00000000db680000,0x00000000db680000,0x00000000dbb80000)
 ParOldGen       total 84992K, used 1712K [0x0000000085a00000, 0x000000008ad00000, 0x00000000d7380000)
  object space 84992K, 2% used [0x0000000085a00000,0x0000000085bac200,0x000000008ad00000)
 Metaspace       used 9760K, capacity 9884K, committed 10112K, reserved 1058816K
  class space    used 1113K, capacity 1140K, committed 1152K, reserved 1048576K
}
Event: 2,020 GC heap before
{Heap before GC invocations=2 (full 0):
 PSYoungGen      total 36864K, used 36841K [0x00000000d7380000, 0x00000000dbb80000, 0x0000000100000000)
  eden space 31744K, 100% used [0x00000000d7380000,0x00000000d9280000,0x00000000d9280000)
  from space 5120K, 99% used [0x00000000d9280000,0x00000000d977a5a8,0x00000000d9780000)
  to   space 5120K, 0% used [0x00000000db680000,0x00000000db680000,0x00000000dbb80000)
 ParOldGen       total 84992K, used 1712K [0x0000000085a00000, 0x000000008ad00000, 0x00000000d7380000)
  object space 84992K, 2% used [0x0000000085a00000,0x0000000085bac200,0x000000008ad00000)
 Metaspace       used 13618K, capacity 13716K, committed 14080K, reserved 1060864K
  class space    used 1663K, capacity 1688K, committed 1792K, reserved 1048576K
Event: 2,037 GC heap after
Heap after GC invocations=2 (full 0):
 PSYoungGen      total 68608K, used 5088K [0x00000000d7380000, 0x00000000dbb80000, 0x0000000100000000)
  eden space 63488K, 0% used [0x00000000d7380000,0x00000000d7380000,0x00000000db180000)
  from space 5120K, 99% used [0x00000000db680000,0x00000000dbb78020,0x00000000dbb80000)
  to   space 5120K, 0% used [0x00000000db180000,0x00000000db180000,0x00000000db680000)
 ParOldGen       total 84992K, used 4269K [0x0000000085a00000, 0x000000008ad00000, 0x00000000d7380000)
  object space 84992K, 5% used [0x0000000085a00000,0x0000000085e2b6f8,0x000000008ad00000)
 Metaspace       used 13618K, capacity 13716K, committed 14080K, reserved 1060864K
  class space    used 1663K, capacity 1688K, committed 1792K, reserved 1048576K
}

